Arguments: 
  C:\Program Files\nodejs\node.exe C:\Users\zhaam\AppData\Roaming\npm\node_modules\yarn\bin\yarn.js add @1inch/fusion-sdk

PATH: 
  C:\Program Files\Microsoft\jdk-11.0.12.7-hotspot\bin;C:\Python311\Scripts\;C:\Python311\;C:\WINDOWS\system32;C:\WINDOWS;C:\WINDOWS\System32\Wbem;C:\WINDOWS\System32\WindowsPowerShell\v1.0\;C:\WINDOWS\System32\OpenSSH\;C:\Program Files\nodejs\;C:\ProgramData\chocolatey\bin;C:\Program Files\Microsoft SQL Server\150\Tools\Binn\;C:\Program Files\Microsoft SQL Server\Client SDK\ODBC\170\Tools\Binn\;C:\Program Files\dotnet\;C:\Program Files\Git\cmd;C:\Program Files\Docker\Docker\resources\bin;C:\Users\zhaam\AppData\Local\Microsoft\WindowsApps;C:\Users\zhaam\AppData\Local\Programs\Microsoft VS Code\bin;C:\Users\zhaam\AppData\Local\gitkraken\bin;C:\Users\zhaam\AppData\Roaming\npm;C:\Users\zhaam\AppData\Local\Programs\Espanso;C:\Users\zhaam\AppData\Local\GitHubDesktop\bin;c:\users\zhaam\appdata\roaming\python\python311\scripts;c:\users\zhaam\.local\bin;C:\Users\zhaam\.dotnet\tools;c:\users\zhaam\appdata\local\packages\pythonsoftwarefoundation.python.3.10_qbz5n2kfra8p0\localcache\local-packages\python310\scripts;C:\Users\zhaam\AppData\Local\Microsoft\WindowsApps;C:\MinGW\bin;

Yarn version: 
  1.22.19

Node version: 
  18.12.1

Platform: 
  win32 x64

Trace: 
  Error: EPERM: operation not permitted, unlink 'C:\Users\zhaam\Desktop\ETHDAM\zk_inch\backend\node_modules\bufferutil\prebuilds\win32-x64\node.napi.node'

npm manifest: 
  {
    "name": "dexback",
    "version": "1.0.0",
    "description": "",
    "main": "index.js",
    "scripts": {
      "test": "echo \"Error: no test specified\" && exit 1"
    },
    "keywords": [],
    "author": "",
    "license": "ISC",
    "dependencies": {
      "@1inch/fusion-sdk": "^0.1.7",
      "cors": "^2.8.5",
      "dotenv": "^16.0.3",
      "express": "^4.18.2",
      "moralis": "^2.11.1"
    }
  }

yarn manifest: 
  No manifest

Lockfile: 
  No lockfile
